TN:
SF:src\models\Retorno.ts
FN:9,(anonymous_0)
FN:16,(anonymous_1)
FN:21,(anonymous_2)
FNF:3
FNH:0
FNDA:0,(anonymous_0)
FNDA:0,(anonymous_1)
FNDA:0,(anonymous_2)
DA:1,1
DA:2,0
DA:3,0
DA:4,0
DA:5,0
DA:6,0
DA:7,0
DA:10,0
DA:11,0
DA:17,0
DA:22,0
LF:11
LH:1
BRDA:10,0,0,0
BRF:1
BRH:0
end_of_record
TN:
SF:src\models\WMS_EnderecoDTO.ts
FN:30,(anonymous_0)
FN:37,(anonymous_1)
FN:42,(anonymous_2)
FN:47,(anonymous_3)
FNF:4
FNH:1
FNDA:1,(anonymous_0)
FNDA:0,(anonymous_1)
FNDA:0,(anonymous_2)
FNDA:0,(anonymous_3)
DA:1,2
DA:2,1
DA:3,1
DA:4,1
DA:5,1
DA:6,1
DA:7,1
DA:8,1
DA:9,1
DA:10,1
DA:11,1
DA:12,1
DA:13,1
DA:14,1
DA:15,1
DA:16,1
DA:17,1
DA:18,1
DA:19,1
DA:20,1
DA:21,1
DA:22,1
DA:23,1
DA:24,1
DA:25,1
DA:26,1
DA:27,1
DA:28,1
DA:31,1
DA:32,1
DA:38,0
DA:43,0
DA:48,0
LF:33
LH:30
BRDA:31,0,0,1
BRDA:38,1,0,0
BRDA:38,1,1,0
BRF:3
BRH:1
end_of_record
TN:
SF:src\models\WMS_ItemOSDTO.ts
FN:29,(anonymous_0)
FN:36,(anonymous_1)
FN:41,(anonymous_2)
FNF:3
FNH:0
FNDA:0,(anonymous_0)
FNDA:0,(anonymous_1)
FNDA:0,(anonymous_2)
DA:1,1
DA:2,0
DA:3,0
DA:4,0
DA:5,0
DA:6,0
DA:7,0
DA:8,0
DA:9,0
DA:10,0
DA:11,0
DA:12,0
DA:13,0
DA:14,0
DA:15,0
DA:16,0
DA:17,0
DA:18,0
DA:19,0
DA:20,0
DA:21,0
DA:22,0
DA:23,0
DA:24,0
DA:25,0
DA:26,0
DA:27,0
DA:30,0
DA:31,0
DA:37,0
DA:42,0
LF:31
LH:1
BRDA:30,0,0,0
BRF:1
BRH:0
end_of_record
TN:
SF:src\models\WMS_OSDTO.ts
FN:11,(anonymous_0)
FN:18,(anonymous_1)
FN:23,(anonymous_2)
FNF:3
FNH:0
FNDA:0,(anonymous_0)
FNDA:0,(anonymous_1)
FNDA:0,(anonymous_2)
DA:1,1
DA:2,0
DA:3,0
DA:4,0
DA:5,0
DA:6,0
DA:7,0
DA:8,0
DA:9,0
DA:12,0
DA:13,0
DA:19,0
DA:24,0
LF:13
LH:1
BRDA:12,0,0,0
BRF:1
BRH:0
end_of_record
TN:
SF:src\routes\routerHelper.ts
FN:4,createRoute
FN:10,(anonymous_1)
FNF:2
FNH:1
FNDA:1,createRoute
FNDA:0,(anonymous_1)
DA:2,1
DA:4,1
DA:10,1
DA:11,0
DA:12,0
DA:13,0
DA:14,0
DA:17,0
DA:18,0
LF:9
LH:3
BRDA:13,0,0,0
BRF:1
BRH:0
end_of_record
TN:
SF:src\routes\Nova\@_Enderecos.ts
FN:4,(anonymous_0)
FNF:1
FNH:0
FNDA:0,(anonymous_0)
DA:1,0
DA:2,0
DA:4,0
DA:5,0
LF:4
LH:0
BRF:0
BRH:0
end_of_record
TN:
SF:src\routes\Nova\get_movEnder.ts
FN:5,(anonymous_1)
FN:7,(anonymous_2)
FN:19,(anonymous_3)
FN:56,(anonymous_4)
FN:63,(anonymous_5)
FNF:5
FNH:0
FNDA:0,(anonymous_1)
FNDA:0,(anonymous_2)
FNDA:0,(anonymous_3)
FNDA:0,(anonymous_4)
FNDA:0,(anonymous_5)
DA:2,0
DA:3,0
DA:5,0
DA:6,0
DA:8,0
DA:9,0
DA:11,0
DA:17,0
DA:19,0
DA:20,0
DA:22,0
DA:24,0
DA:26,0
DA:28,0
DA:30,0
DA:34,0
DA:35,0
DA:36,0
DA:37,0
DA:38,0
DA:39,0
DA:47,0
DA:55,0
DA:57,0
DA:58,0
DA:59,0
DA:61,0
DA:63,0
DA:70,0
DA:71,0
LF:30
LH:0
BRDA:17,0,0,0
BRDA:17,1,0,0
BRDA:17,1,1,0
BRDA:17,1,2,0
BRDA:20,2,0,0
BRDA:20,2,1,0
BRDA:20,2,2,0
BRDA:20,2,3,0
BRDA:20,2,4,0
BRDA:37,3,0,0
BRDA:37,3,1,0
BRDA:59,4,0,0
BRDA:59,4,1,0
BRF:13
BRH:0
end_of_record
TN:
SF:src\routes\Op's\@_Op.ts
FN:9,(anonymous_0)
FNF:1
FNH:0
FNDA:0,(anonymous_0)
DA:1,0
DA:2,0
DA:3,0
DA:4,0
DA:5,0
DA:6,0
DA:7,0
DA:9,0
DA:10,0
DA:11,0
DA:12,0
DA:13,0
DA:14,0
DA:15,0
LF:14
LH:0
BRF:0
BRH:0
end_of_record
TN:
SF:src\routes\Op's\del_OpSeq.ts
FN:5,(anonymous_0)
FN:6,(anonymous_1)
FNF:2
FNH:0
FNDA:0,(anonymous_0)
FNDA:0,(anonymous_1)
DA:2,0
DA:3,0
DA:5,0
DA:6,0
DA:7,0
DA:9,0
DA:14,0
DA:16,0
DA:17,0
DA:18,0
DA:26,0
DA:31,0
DA:39,0
DA:40,0
LF:14
LH:0
BRDA:16,0,0,0
BRDA:16,1,0,0
BRDA:16,1,1,0
BRDA:16,1,2,0
BRF:4
BRH:0
end_of_record
TN:
SF:src\routes\Op's\get_OPSeq.ts
FN:5,(anonymous_1)
FN:7,(anonymous_2)
FNF:2
FNH:0
FNDA:0,(anonymous_1)
FNDA:0,(anonymous_2)
DA:2,0
DA:3,0
DA:5,0
DA:6,0
DA:8,0
DA:9,0
DA:11,0
DA:13,0
DA:14,0
DA:15,0
DA:16,0
DA:41,0
DA:44,0
DA:45,0
LF:14
LH:0
BRDA:15,0,0,0
BRDA:15,0,1,0
BRF:2
BRH:0
end_of_record
TN:
SF:src\routes\Op's\get_Op.ts
FN:5,(anonymous_1)
FN:7,(anonymous_2)
FNF:2
FNH:0
FNDA:0,(anonymous_1)
FNDA:0,(anonymous_2)
DA:2,0
DA:3,0
DA:5,0
DA:6,0
DA:8,0
DA:9,0
DA:11,0
DA:13,0
DA:15,0
DA:16,0
DA:17,0
DA:31,0
DA:33,0
DA:34,0
LF:14
LH:0
BRDA:13,0,0,0
BRF:1
BRH:0
end_of_record
TN:
SF:src\routes\Op's\get_OpAberto.ts
FN:5,(anonymous_1)
FN:7,(anonymous_2)
FN:25,(anonymous_3)
FNF:3
FNH:0
FNDA:0,(anonymous_1)
FNDA:0,(anonymous_2)
FNDA:0,(anonymous_3)
DA:2,0
DA:3,0
DA:5,0
DA:6,0
DA:8,0
DA:9,0
DA:11,0
DA:12,0
DA:25,0
DA:30,0
DA:32,0
DA:33,0
LF:12
LH:0
BRF:0
BRH:0
end_of_record
TN:
SF:src\routes\Op's\set_opSeq.ts
FN:22,(anonymous_1)
FN:24,(anonymous_2)
FNF:2
FNH:0
FNDA:0,(anonymous_1)
FNDA:0,(anonymous_2)
DA:2,0
DA:3,0
DA:22,0
DA:23,0
DA:25,0
DA:26,0
DA:29,0
DA:30,0
DA:35,0
DA:37,0
DA:39,0
DA:40,0
DA:41,0
DA:42,0
DA:43,0
DA:44,0
DA:45,0
DA:46,0
DA:47,0
DA:48,0
DA:49,0
DA:50,0
DA:51,0
DA:52,0
DA:53,0
DA:54,0
DA:84,0
DA:93,0
DA:94,0
LF:29
LH:0
BRF:0
BRH:0
end_of_record
TN:
SF:src\routes\Op's\upd_OpSeq.ts
FN:5,(anonymous_0)
FN:6,(anonymous_1)
FNF:2
FNH:0
FNDA:0,(anonymous_0)
FNDA:0,(anonymous_1)
DA:2,0
DA:3,0
DA:5,0
DA:6,0
DA:7,0
DA:9,0
DA:15,0
DA:21,0
DA:22,0
LF:9
LH:0
BRF:0
BRH:0
end_of_record
TN:
SF:src\routes\Paradas\@_Paradas.ts
FN:4,(anonymous_0)
FNF:1
FNH:0
FNDA:0,(anonymous_0)
DA:1,0
DA:2,0
DA:4,0
DA:5,0
LF:4
LH:0
BRF:0
BRH:0
end_of_record
TN:
SF:src\routes\Paradas\get_paradasAbertas.ts
FN:5,(anonymous_1)
FN:7,(anonymous_2)
FNF:2
FNH:0
FNDA:0,(anonymous_1)
FNDA:0,(anonymous_2)
DA:2,0
DA:3,0
DA:5,0
DA:6,0
DA:8,0
DA:9,0
DA:11,0
DA:13,0
DA:14,0
DA:17,0
DA:18,0
DA:19,0
DA:44,0
DA:47,0
DA:48,0
LF:15
LH:0
BRDA:13,0,0,0
BRF:1
BRH:0
end_of_record
TN:
SF:src\routes\Produção\@_Producao.ts
FN:6,(anonymous_0)
FNF:1
FNH:0
FNDA:0,(anonymous_0)
DA:1,0
DA:2,0
DA:3,0
DA:4,0
DA:6,0
DA:7,0
DA:8,0
DA:9,0
LF:8
LH:0
BRF:0
BRH:0
end_of_record
TN:
SF:src\routes\Produção\del_Z71.ts
FN:5,(anonymous_0)
FN:6,(anonymous_1)
FNF:2
FNH:0
FNDA:0,(anonymous_0)
FNDA:0,(anonymous_1)
DA:2,0
DA:3,0
DA:5,0
DA:6,0
DA:7,0
DA:9,0
DA:11,0
DA:15,0
DA:17,0
DA:26,0
DA:27,0
LF:11
LH:0
BRDA:9,0,0,0
BRDA:15,1,0,0
BRF:2
BRH:0
end_of_record
TN:
SF:src\routes\Produção\get_Lancz71.ts
FN:5,(anonymous_0)
FN:6,(anonymous_1)
FN:38,(anonymous_2)
FNF:3
FNH:0
FNDA:0,(anonymous_0)
FNDA:0,(anonymous_1)
FNDA:0,(anonymous_2)
DA:2,0
DA:3,0
DA:5,0
DA:6,0
DA:7,0
DA:10,0
DA:37,0
DA:38,0
LF:8
LH:0
BRF:0
BRH:0
end_of_record
TN:
SF:src\routes\Produção\set_Z71.ts
FN:30,(anonymous_1)
FN:31,(anonymous_2)
FNF:2
FNH:1
FNDA:1,(anonymous_1)
FNDA:0,(anonymous_2)
DA:2,1
DA:3,1
DA:4,1
DA:5,1
DA:6,1
DA:30,1
DA:31,1
DA:32,0
DA:35,0
DA:36,0
DA:37,0
DA:38,0
DA:39,0
DA:42,0
DA:43,0
DA:46,0
DA:48,0
DA:49,0
DA:52,0
DA:53,0
DA:54,0
DA:55,0
DA:56,0
DA:57,0
DA:58,0
DA:60,0
DA:62,0
DA:63,0
DA:64,0
DA:65,0
DA:67,0
DA:68,0
DA:69,0
DA:70,0
DA:75,0
DA:76,0
DA:79,0
DA:81,0
DA:82,0
DA:84,0
DA:85,0
DA:106,0
DA:116,0
DA:132,0
DA:133,0
DA:134,0
DA:135,0
DA:136,0
DA:137,0
DA:139,0
DA:140,0
DA:141,0
DA:143,0
DA:144,0
DA:146,0
DA:149,0
DA:150,0
DA:152,0
DA:155,0
DA:158,0
DA:162,0
DA:163,0
DA:164,0
DA:165,0
DA:166,0
DA:169,0
DA:170,0
DA:172,0
DA:175,0
DA:179,0
DA:184,0
DA:187,0
DA:189,0
DA:198,0
LF:74
LH:7
BRDA:42,0,0,0
BRDA:46,1,0,0
BRDA:48,2,0,0
BRDA:48,3,0,0
BRDA:48,3,1,0
BRDA:62,4,0,0
BRDA:62,4,1,0
BRDA:67,5,0,0
BRDA:68,6,0,0
BRDA:69,7,0,0
BRDA:84,8,0,0
BRDA:84,8,1,0
BRDA:103,9,0,0
BRDA:103,9,1,0
BRDA:124,10,0,0
BRDA:124,10,1,0
BRDA:125,11,0,0
BRDA:125,11,1,0
BRDA:126,12,0,0
BRDA:126,12,1,0
BRDA:132,13,0,0
BRDA:133,14,0,0
BRDA:133,14,1,0
BRDA:133,15,0,0
BRDA:133,15,1,0
BRDA:134,16,0,0
BRDA:134,16,1,0
BRDA:149,17,0,0
BRDA:149,17,1,0
BRDA:162,18,0,0
BRDA:163,19,0,0
BRDA:163,19,1,0
BRDA:192,20,0,0
BRDA:192,20,1,0
BRF:34
BRH:0
end_of_record
TN:
SF:src\routes\Supervisorio\@_Supervisorio.ts
FN:4,(anonymous_0)
FNF:1
FNH:0
FNDA:0,(anonymous_0)
DA:1,0
DA:2,0
DA:4,0
DA:5,0
LF:4
LH:0
BRF:0
BRH:0
end_of_record
TN:
SF:src\routes\Supervisorio\get_usuario.ts
FN:7,(anonymous_1)
FN:9,(anonymous_2)
FNF:2
FNH:0
FNDA:0,(anonymous_1)
FNDA:0,(anonymous_2)
DA:2,0
DA:3,0
DA:5,0
DA:7,0
DA:8,0
DA:10,0
DA:11,0
DA:13,0
DA:15,0
DA:16,0
DA:18,0
DA:19,0
DA:20,0
DA:21,0
DA:29,0
DA:31,0
DA:33,0
DA:46,0
DA:47,0
LF:19
LH:0
BRDA:15,0,0,0
BRDA:16,1,0,0
BRDA:29,2,0,0
BRF:3
BRH:0
end_of_record
TN:
SF:src\routes\database\database.ts
FN:18,getConnection
FNF:1
FNH:0
FNDA:0,getConnection
DA:1,1
DA:3,1
DA:5,1
DA:18,1
DA:19,0
DA:20,0
DA:21,0
DA:22,0
DA:23,0
DA:25,0
DA:26,0
DA:27,0
LF:12
LH:4
BRF:0
BRH:0
end_of_record
TN:
SF:src\routes\database\dbExecute.ts
FN:7,executeQuery
FN:12,(anonymous_2)
FN:20,checkExistOS
FN:34,getMaxItemOS
FN:51,getTag
FN:71,getEndereco
FN:92,getEnderDisp
FN:157,getEnderDestinoParente
FN:190,getEnderDestinoSugeridoParametro
FN:214,getEnderDestinoSugeridoTabela
FN:238,getEnderDestinoMaisProximo
FN:265,setStatusEnder
FN:273,buscaRecnoZ71
FN:282,buscaProxLoteZ71
FN:306,buscaSEQZ71
FN:327,setWMSItemOS
FN:387,setWMSOS
FN:442,existWMSBag
FN:453,insWMSBag
FN:503,updWMSBag
FN:519,setStatusOPSeq
FNF:21
FNH:0
FNDA:0,executeQuery
FNDA:0,(anonymous_2)
FNDA:0,checkExistOS
FNDA:0,getMaxItemOS
FNDA:0,getTag
FNDA:0,getEndereco
FNDA:0,getEnderDisp
FNDA:0,getEnderDestinoParente
FNDA:0,getEnderDestinoSugeridoParametro
FNDA:0,getEnderDestinoSugeridoTabela
FNDA:0,getEnderDestinoMaisProximo
FNDA:0,setStatusEnder
FNDA:0,buscaRecnoZ71
FNDA:0,buscaProxLoteZ71
FNDA:0,buscaSEQZ71
FNDA:0,setWMSItemOS
FNDA:0,setWMSOS
FNDA:0,existWMSBag
FNDA:0,insWMSBag
FNDA:0,updWMSBag
FNDA:0,setStatusOPSeq
DA:1,1
DA:3,1
DA:4,1
DA:7,1
DA:8,0
DA:9,0
DA:11,0
DA:12,0
DA:13,0
DA:17,0
DA:20,1
DA:23,0
DA:24,0
DA:25,0
DA:26,0
DA:28,0
DA:29,0
DA:30,0
DA:34,1
DA:35,0
DA:36,0
DA:37,0
DA:51,1
DA:52,0
DA:54,0
DA:55,0
DA:56,0
DA:57,0
DA:58,0
DA:59,0
DA:62,0
DA:64,0
DA:65,0
DA:68,0
DA:71,1
DA:72,0
DA:74,0
DA:76,0
DA:78,0
DA:79,0
DA:80,0
DA:81,0
DA:82,0
DA:83,0
DA:84,0
DA:85,0
DA:89,0
DA:92,1
DA:94,0
DA:95,0
DA:96,0
DA:97,0
DA:98,0
DA:99,0
DA:102,0
DA:104,0
DA:105,0
DA:108,0
DA:109,0
DA:112,0
DA:114,0
DA:116,0
DA:117,0
DA:122,0
DA:123,0
DA:124,0
DA:126,0
DA:127,0
DA:129,0
DA:133,0
DA:136,0
DA:138,0
DA:141,0
DA:143,0
DA:146,0
DA:148,0
DA:151,0
DA:153,0
DA:157,1
DA:158,0
DA:159,0
DA:162,0
DA:164,0
DA:165,0
DA:166,0
DA:168,0
DA:169,0
DA:171,0
DA:174,0
DA:176,0
DA:178,0
DA:179,0
DA:180,0
DA:181,0
DA:182,0
DA:183,0
DA:187,0
DA:190,1
DA:191,0
DA:192,0
DA:194,0
DA:195,0
DA:196,0
DA:197,0
DA:198,0
DA:200,0
DA:202,0
DA:203,0
DA:204,0
DA:205,0
DA:206,0
DA:207,0
DA:211,0
DA:214,1
DA:215,0
DA:216,0
DA:218,0
DA:219,0
DA:220,0
DA:221,0
DA:222,0
DA:224,0
DA:226,0
DA:227,0
DA:228,0
DA:229,0
DA:230,0
DA:231,0
DA:235,0
DA:238,1
DA:239,0
DA:240,0
DA:242,0
DA:243,0
DA:244,0
DA:245,0
DA:246,0
DA:247,0
DA:248,0
DA:249,0
DA:251,0
DA:253,0
DA:254,0
DA:255,0
DA:256,0
DA:257,0
DA:258,0
DA:262,0
DA:265,1
DA:266,0
DA:268,0
DA:270,0
DA:273,1
DA:274,0
DA:276,0
DA:278,0
DA:280,0
DA:282,1
DA:283,0
DA:284,0
DA:286,0
DA:288,0
DA:289,0
DA:290,0
DA:292,0
DA:293,0
DA:294,0
DA:295,0
DA:296,0
DA:298,0
DA:302,0
DA:303,0
DA:306,1
DA:307,0
DA:308,0
DA:310,0
DA:311,0
DA:314,0
DA:315,0
DA:317,0
DA:318,0
DA:321,0
DA:324,0
DA:327,1
DA:328,0
DA:329,0
DA:331,0
DA:332,0
DA:334,0
DA:335,0
DA:338,0
DA:339,0
DA:340,0
DA:341,0
DA:344,0
DA:354,0
DA:370,0
DA:371,0
DA:372,0
DA:373,0
DA:374,0
DA:375,0
DA:376,0
DA:378,0
DA:379,0
DA:380,0
DA:381,0
DA:382,0
DA:383,0
DA:387,1
DA:388,0
DA:389,0
DA:391,0
DA:393,0
DA:394,0
DA:397,0
DA:415,0
DA:425,0
DA:426,0
DA:427,0
DA:428,0
DA:429,0
DA:430,0
DA:431,0
DA:433,0
DA:434,0
DA:435,0
DA:436,0
DA:437,0
DA:438,0
DA:442,1
DA:443,0
DA:444,0
DA:445,0
DA:448,0
DA:450,0
DA:453,1
DA:454,0
DA:484,0
DA:500,0
DA:503,1
DA:504,0
DA:506,0
DA:516,0
DA:519,1
DA:520,0
DA:522,0
DA:527,0
LF:248
LH:23
BRDA:11,0,0,0
BRDA:23,1,0,0
BRDA:23,1,1,0
BRDA:54,2,0,0
BRDA:54,2,1,0
BRDA:56,3,0,0
BRDA:56,3,1,0
BRDA:58,4,0,0
BRDA:64,5,0,0
BRDA:78,6,0,0
BRDA:78,7,0,0
BRDA:78,7,1,0
BRDA:81,8,0,0
BRDA:81,8,1,0
BRDA:82,9,0,0
BRDA:82,9,1,0
BRDA:83,10,0,0
BRDA:83,10,1,0
BRDA:84,11,0,0
BRDA:84,11,1,0
BRDA:85,12,0,0
BRDA:85,12,1,0
BRDA:102,13,0,0
BRDA:109,14,0,0
BRDA:109,14,1,0
BRDA:116,15,0,0
BRDA:122,16,0,0
BRDA:123,17,0,0
BRDA:123,17,1,0
BRDA:126,18,0,0
BRDA:126,18,1,0
BRDA:136,19,0,0
BRDA:141,20,0,0
BRDA:146,21,0,0
BRDA:168,22,0,0
BRDA:168,22,1,0
BRDA:178,23,0,0
BRDA:178,24,0,0
BRDA:178,24,1,0
BRDA:181,25,0,0
BRDA:181,25,1,0
BRDA:182,26,0,0
BRDA:182,26,1,0
BRDA:183,27,0,0
BRDA:183,27,1,0
BRDA:202,28,0,0
BRDA:202,29,0,0
BRDA:202,29,1,0
BRDA:205,30,0,0
BRDA:205,30,1,0
BRDA:206,31,0,0
BRDA:206,31,1,0
BRDA:207,32,0,0
BRDA:207,32,1,0
BRDA:226,33,0,0
BRDA:226,34,0,0
BRDA:226,34,1,0
BRDA:229,35,0,0
BRDA:229,35,1,0
BRDA:230,36,0,0
BRDA:230,36,1,0
BRDA:231,37,0,0
BRDA:231,37,1,0
BRDA:253,38,0,0
BRDA:253,39,0,0
BRDA:253,39,1,0
BRDA:256,40,0,0
BRDA:256,40,1,0
BRDA:257,41,0,0
BRDA:257,41,1,0
BRDA:258,42,0,0
BRDA:258,42,1,0
BRDA:288,43,0,0
BRDA:288,43,1,0
BRDA:292,44,0,0
BRDA:295,45,0,0
BRDA:295,45,1,0
BRDA:302,46,0,0
BRDA:302,46,1,0
BRDA:314,47,0,0
BRDA:314,48,0,0
BRDA:314,48,1,0
BRDA:317,49,0,0
BRDA:332,50,0,0
BRDA:332,50,1,0
BRDA:334,51,0,0
BRDA:338,52,0,0
BRDA:338,53,0,0
BRDA:338,53,1,0
BRDA:339,54,0,0
BRDA:339,54,1,0
BRDA:355,55,0,0
BRDA:355,55,1,0
BRDA:356,56,0,0
BRDA:356,56,1,0
BRDA:357,57,0,0
BRDA:357,57,1,0
BRDA:358,58,0,0
BRDA:358,58,1,0
BRDA:359,59,0,0
BRDA:359,59,1,0
BRDA:360,60,0,0
BRDA:360,60,1,0
BRDA:361,61,0,0
BRDA:361,61,1,0
BRDA:362,62,0,0
BRDA:362,62,1,0
BRDA:363,63,0,0
BRDA:363,63,1,0
BRDA:363,63,2,0
BRDA:364,64,0,0
BRDA:364,64,1,0
BRDA:364,64,2,0
BRDA:365,65,0,0
BRDA:365,65,1,0
BRDA:393,66,0,0
BRDA:444,67,0,0
BRF:117
BRH:0
end_of_record
TN:
SF:src\routes\getToken\pega_tolken.ts
FN:12,(anonymous_1)
FN:13,(anonymous_2)
FN:15,(anonymous_3)
FNF:3
FNH:0
FNDA:0,(anonymous_1)
FNDA:0,(anonymous_2)
FNDA:0,(anonymous_3)
DA:2,0
DA:3,0
DA:5,0
DA:12,0
DA:13,0
DA:14,0
DA:15,0
DA:17,0
DA:19,0
DA:20,0
LF:10
LH:0
BRDA:15,0,0,0
BRDA:15,0,1,0
BRDA:17,1,0,0
BRF:3
BRH:0
end_of_record
